<?xml version="1.0" encoding="utf-8"?><testsuites name="pytest tests"><testsuite name="pytest" errors="0" failures="0" skipped="0" tests="36" time="1.774" timestamp="2026-06-06T14:06:09.419142+05:30" hostname="Manju"><testcase classname="tests.test_client" name="test_client_initialization_requires_api_key" time="0.003" /><testcase classname="tests.test_client" name="test_async_client_initialization_requires_api_key" time="0.009" /><testcase classname="tests.test_errors" name="test_error_from_status_mapping[400-BadRequestError]" time="0.003" /><testcase classname="tests.test_errors" name="test_error_from_status_mapping[401-AuthenticationError]" time="0.002" /><testcase classname="tests.test_errors" name="test_error_from_status_mapping[403-PermissionDeniedError]" time="0.003" /><testcase classname="tests.test_errors" name="test_error_from_status_mapping[404-NotFoundError]" time="0.003" /><testcase classname="tests.test_errors" name="test_error_from_status_mapping[409-ConflictError]" time="0.002" /><testcase classname="tests.test_errors" name="test_error_from_status_mapping[412-PreconditionFailedError]" time="0.003" /><testcase classname="tests.test_errors" name="test_error_from_status_mapping[429-RateLimitError]" time="0.002" /><testcase classname="tests.test_errors" name="test_error_from_status_mapping[504-DeadlineExceededError]" time="0.003" /><testcase classname="tests.test_errors" name="test_error_from_status_mapping[500-InternalServerError]" time="0.002" /><testcase classname="tests.test_errors" name="test_error_from_status_mapping[502-InternalServerError]" time="0.005" /><testcase classname="tests.test_sandbox" name="test_sandbox_properties" time="0.012" /><testcase classname="tests.test_sandbox" name="test_wait_until_ready_ready_phase" time="0.002" /><testcase classname="tests.test_sandbox" name="test_wait_until_ready_paused_raises" time="0.002" /><testcase classname="tests.test_sandbox" name="test_sandbox_refresh" time="0.008" /><testcase classname="tests.test_sandboxd" name="test_dataplane_transport_sanity" time="0.005" /><testcase classname="tests.test_sandboxd" name="test_dataplane_transport_timeout" time="0.003" /><testcase classname="tests.test_sandboxd" name="test_dataplane_transport_connection_error" time="0.003" /><testcase classname="tests.test_sandboxd" name="test_sandbox_connection_init" time="0.213" /><testcase classname="tests.test_sandboxd" name="test_async_sandbox_connection_init" time="0.040" /><testcase classname="tests.test_sandboxd" name="test_sandbox_connection_close_idempotent" time="0.030" /><testcase classname="tests.test_sandboxes" name="test_sandboxes_create" time="0.003" /><testcase classname="tests.test_sandboxes" name="test_sandboxes_get" time="0.003" /><testcase classname="tests.test_sandboxes" name="test_sandboxes_list" time="0.003" /><testcase classname="tests.test_sandboxes" name="test_sandboxes_delete" time="0.003" /><testcase classname="tests.test_sandboxes" name="test_sandboxes_pause_resume" time="0.002" /><testcase classname="tests.test_sandboxes" name="test_sandboxes_metrics" time="0.003" /><testcase classname="tests.test_sandboxes" name="test_sandboxes_get_not_found" time="0.002" /><testcase classname="tests.test_transport" name="test_calculate_backoff_values" time="0.001" /><testcase classname="tests.test_transport" name="test_parse_retry_after_seconds" time="0.001" /><testcase classname="tests.test_transport" name="test_parse_retry_after_http_date" time="0.001" /><testcase classname="tests.test_transport" name="test_control_transport_retries" time="1.002" /><testcase classname="tests.test_transport" name="test_control_transport_timeout" time="0.001" /><testcase classname="tests.test_transport" name="test_control_transport_connection_error" time="0.001" /><testcase classname="tests.test_transport" name="test_control_transport_sanity" time="0.002" /></testsuite></testsuites>